<?xml version="1.0" encoding="UTF-8"?>
<!-- Generated by org.testng.reporters.JUnitReportReporter -->
<testsuite hostname="DESKTOP-0P4OACU" failures="0" tests="2" name="queryandpathparams.PathParam" time="2.820" errors="0" timestamp="2023-09-20T21:55:17 IST" skipped="1">
  <testcase classname="queryandpathparams.PathParam" name="applyPathParam2" time="2.820"/>
  <system-out/>
  <testcase classname="queryandpathparams.PathParam" name="applyPathParamMethod">
    <skipped/>
  </testcase> <!-- applyPathParamMethod -->
  <system-out/>
</testsuite> <!-- queryandpathparams.PathParam -->
