<?xml version="1.0" encoding="UTF-8"?>
<!-- Generated by org.testng.reporters.JUnitReportReporter -->
<testsuite hostname="DESKTOP-0P4OACU" failures="0" tests="1" name="authschemes.BearerToken" time="2.878" errors="0" timestamp="2023-10-01T17:50:10 IST" skipped="0">
  <testcase classname="authschemes.BearerToken" name="listAllRepositories" time="2.878"/>
  <system-out/>
</testsuite> <!-- authschemes.BearerToken -->
