<?xml version="1.0" encoding="UTF-8"?>
<!-- Generated by org.testng.reporters.JUnitReportReporter -->
<testsuite hostname="DESKTOP-0P4OACU" failures="0" tests="1" name="serializationanddeserialization.GET_UserDetails" time="3.362" errors="0" timestamp="2023-09-30T18:04:43 IST" skipped="0">
  <testcase classname="serializationanddeserialization.GET_UserDetails" name="fetchUserDetails" time="3.362"/>
  <system-out/>
</testsuite> <!-- serializationanddeserialization.GET_UserDetails -->
