<?xml version="1.0" encoding="UTF-8"?>
<!-- Generated by org.testng.reporters.JUnitReportReporter -->
<testsuite hostname="DESKTOP-0P4OACU" failures="0" tests="1" name="spotifyapis.GetUserID" time="3.077" errors="0" timestamp="2023-10-05T21:54:04 IST" skipped="0">
  <testcase classname="spotifyapis.GetUserID" name="getUserID" time="3.077"/>
  <system-out/>
</testsuite> <!-- spotifyapis.GetUserID -->
