<?xml version="1.0" encoding="UTF-8"?>
<!-- Generated by org.testng.reporters.JUnitReportReporter -->
<testsuite hostname="DESKTOP-0P4OACU" failures="0" tests="1" name="dataextraction.ExtractDataFromComplexJsonForeg" time="3.862" errors="0" timestamp="2023-09-17T09:16:44 IST" skipped="0">
  <testcase classname="dataextraction.ExtractDataFromComplexJsonForeg" name="getDataFromResponse" time="3.862"/>
  <system-out/>
</testsuite> <!-- dataextraction.ExtractDataFromComplexJsonForeg -->
