<?xml version="1.0" encoding="UTF-8"?>
<!-- Generated by org.testng.reporters.JUnitReportReporter -->
<testsuite hostname="DESKTOP-0P4OACU" failures="0" tests="1" name="specbuilder.RequestAndResponseSpecBuilder" time="3.679" errors="0" timestamp="2023-10-01T13:48:59 IST" skipped="0">
  <testcase classname="specbuilder.RequestAndResponseSpecBuilder" name="createUser" time="3.679"/>
  <system-out/>
</testsuite> <!-- specbuilder.RequestAndResponseSpecBuilder -->
