<?xml version="1.0" encoding="UTF-8"?>
<!-- Generated by org.testng.reporters.JUnitReportReporter -->
<testsuite hostname="DESKTOP-0P4OACU" failures="0" tests="1" name="sendingbody.MockServerPost" time="5.113" errors="0" timestamp="2023-10-01T10:34:00 IST" skipped="0">
  <testcase classname="sendingbody.MockServerPost" name="mockTest" time="5.113"/>
  <system-out/>
</testsuite> <!-- sendingbody.MockServerPost -->
