<?xml version="1.0" encoding="UTF-8"?>
<!-- Generated by org.testng.reporters.JUnitReportReporter -->
<testsuite hostname="DESKTOP-0P4OACU" failures="0" tests="1" name="assertionsusage.WithOutArray" time="2.533" errors="0" timestamp="2023-09-20T21:51:29 IST" skipped="0">
  <testcase classname="assertionsusage.WithOutArray" name="getUserDetails" time="2.533"/>
  <system-out/>
</testsuite> <!-- assertionsusage.WithOutArray -->
