<?xml version="1.0" encoding="UTF-8"?>
<!-- Generated by org.testng.reporters.JUnitReportReporter -->
<testsuite hostname="DESKTOP-0P4OACU" failures="0" tests="1" name="dataextraction.ExtractDataFromReadyMadeJson" time="1.654" errors="0" timestamp="2023-09-17T08:36:03 IST" skipped="0">
  <testcase classname="dataextraction.ExtractDataFromReadyMadeJson" name="fetchDataFromJson" time="1.654"/>
  <system-out/>
</testsuite> <!-- dataextraction.ExtractDataFromReadyMadeJson -->
