<?xml version="1.0" encoding="UTF-8"?>
<!-- Generated by org.testng.reporters.JUnitReportReporter -->
<testsuite hostname="DESKTOP-0P4OACU" failures="0" tests="1" name="serializationanddeserialization.CreateUserUsingSeriaDeseria" time="5.465" errors="0" timestamp="2023-09-30T17:47:44 IST" skipped="0">
  <testcase classname="serializationanddeserialization.CreateUserUsingSeriaDeseria" name="createUser" time="5.465"/>
  <system-out/>
</testsuite> <!-- serializationanddeserialization.CreateUserUsingSeriaDeseria -->
