<?xml version="1.0" encoding="UTF-8"?>
<!-- Generated by org.testng.reporters.JUnitReportReporter -->
<testsuite hostname="DESKTOP-0P4OACU" failures="0" tests="1" name="spotifyapis.UpdatePlaylist" time="2.956" errors="0" timestamp="2023-10-06T19:35:54 IST" skipped="0">
  <testcase classname="spotifyapis.UpdatePlaylist" name="changeDetails" time="2.956"/>
  <system-out/>
</testsuite> <!-- spotifyapis.UpdatePlaylist -->
