<?xml version="1.0" encoding="UTF-8"?>
<!-- Generated by org.testng.reporters.JUnitReportReporter -->
<testsuite hostname="DESKTOP-0P4OACU" failures="0" tests="1" name="authschemes.BasicAuth" time="6.943" errors="0" timestamp="2023-10-01T16:17:24 IST" skipped="0">
  <testcase classname="authschemes.BasicAuth" name="basicAuthTest" time="6.943"/>
  <system-out/>
</testsuite> <!-- authschemes.BasicAuth -->
