<?xml version="1.0" encoding="UTF-8"?>
<!-- Generated by org.testng.reporters.JUnitReportReporter -->
<testsuite hostname="DESKTOP-0P4OACU" failures="0" tests="1" name="dataextraction.GetOutputParameters" time="2.628" errors="0" timestamp="2023-09-17T08:30:17 IST" skipped="0">
  <testcase classname="dataextraction.GetOutputParameters" name="getUserDetails" time="2.628"/>
  <system-out/>
</testsuite> <!-- dataextraction.GetOutputParameters -->
