<?xml version="1.0" encoding="UTF-8"?>
<!-- Generated by org.testng.reporters.JUnitReportReporter -->
<testsuite hostname="DESKTOP-0P4OACU" failures="0" tests="1" name="queryandpathparams.QueryParams" time="2.752" errors="0" timestamp="2023-09-20T21:54:02 IST" skipped="0">
  <testcase classname="queryandpathparams.QueryParams" name="passQuery" time="2.752"/>
  <system-out/>
</testsuite> <!-- queryandpathparams.QueryParams -->
