<?xml version="1.0" encoding="UTF-8"?>
<!-- Generated by org.testng.reporters.JUnitReportReporter -->
<testsuite hostname="DESKTOP-0P4OACU" failures="0" tests="1" name="ecom.PlaceOrderWithPojo" time="0.008" errors="0" timestamp="2023-10-05T09:09:15 IST" skipped="0">
  <testcase classname="ecom.PlaceOrderWithPojo" name="placeOrderTest" time="0.008"/>
  <system-out/>
</testsuite> <!-- ecom.PlaceOrderWithPojo -->
