<?xml version="1.0" encoding="UTF-8"?>
<!-- Generated by org.testng.reporters.JUnitReportReporter -->
<testsuite hostname="DESKTOP-0P4OACU" failures="0" tests="1" name="spotifyapis.GetAllPlaylists" time="2.505" errors="0" timestamp="2023-10-06T22:07:43 IST" skipped="0">
  <testcase classname="spotifyapis.GetAllPlaylists" name="fetchPlaylist" time="2.505"/>
  <system-out/>
</testsuite> <!-- spotifyapis.GetAllPlaylists -->
