<?xml version="1.0" encoding="UTF-8"?>
<!-- Generated by org.testng.reporters.JUnitReportReporter -->
<testsuite hostname="DESKTOP-0P4OACU" failures="0" tests="1" name="spotifyapis.AddTrackToPlaylist" time="2.548" errors="0" timestamp="2023-10-06T22:09:34 IST" skipped="0">
  <testcase classname="spotifyapis.AddTrackToPlaylist" name="addSong" time="2.548"/>
  <system-out/>
</testsuite> <!-- spotifyapis.AddTrackToPlaylist -->
