<?xml version="1.0" encoding="UTF-8"?>
<!-- Generated by org.testng.reporters.JUnitReportReporter -->
<testsuite hostname="DESKTOP-0P4OACU" failures="0" tests="1" name="ecom.PlaceOrder" time="0.519" errors="0" timestamp="2023-10-01T11:18:46 IST" skipped="0">
  <testcase classname="ecom.PlaceOrder" name="placeOrderTest" time="0.519"/>
  <system-out/>
</testsuite> <!-- ecom.PlaceOrder -->
