<?xml version="1.0" encoding="UTF-8"?>
<!-- Generated by org.testng.reporters.JUnitReportReporter -->
<testsuite hostname="DESKTOP-0P4OACU" failures="0" tests="1" name="queryandpathparams.MultiQueryParam" time="2.823" errors="0" timestamp="2023-09-20T21:56:27 IST" skipped="0">
  <testcase classname="queryandpathparams.MultiQueryParam" name="useQueryParamsMethod" time="2.823"/>
  <system-out/>
</testsuite> <!-- queryandpathparams.MultiQueryParam -->
