<?xml version="1.0" encoding="UTF-8"?>
<!-- Generated by org.testng.reporters.JUnitReportReporter -->
<testsuite hostname="DESKTOP-0P4OACU" failures="0" tests="1" name="sendingbody.CreateUser" time="4.725" errors="0" timestamp="2023-10-01T10:32:42 IST" skipped="0">
  <testcase classname="sendingbody.CreateUser" name="createUser" time="4.725"/>
  <system-out/>
</testsuite> <!-- sendingbody.CreateUser -->
