<?xml version="1.0" encoding="UTF-8"?>
<!-- Generated by org.testng.reporters.JUnitReportReporter -->
<testsuite hostname="DESKTOP-0P4OACU" failures="0" tests="1" name="ecom.POST_Login" time="3.450" errors="0" timestamp="2023-10-05T09:09:15 IST" skipped="0">
  <testcase classname="ecom.POST_Login" name="loginToApp" time="3.450"/>
  <system-out/>
</testsuite> <!-- ecom.POST_Login -->
