<?xml version="1.0" encoding="UTF-8"?>
<!-- Generated by org.testng.reporters.JUnitReportReporter -->
<testsuite hostname="DESKTOP-0P4OACU" failures="0" tests="1" name="basics.POST_CreateUser" time="5.216" errors="0" timestamp="2023-09-15T18:13:13 IST" skipped="0">
  <testcase classname="basics.POST_CreateUser" name="createUser" time="5.216"/>
  <system-out/>
</testsuite> <!-- basics.POST_CreateUser -->
