<?xml version="1.0" encoding="UTF-8"?>
<!-- Generated by org.testng.reporters.JUnitReportReporter -->
<testsuite hostname="DESKTOP-0P4OACU" failures="0" tests="2" name="basics.POSTWithGET" time="5.753" errors="0" timestamp="2023-09-15T18:39:16 IST" skipped="0">
  <testcase classname="basics.POSTWithGET" name="getUserDetails" time="1.378"/>
  <system-out/>
  <testcase classname="basics.POSTWithGET" name="createUser" time="4.375"/>
  <system-out/>
</testsuite> <!-- basics.POSTWithGET -->
