<?xml version="1.0" encoding="UTF-8"?>
<!-- Generated by org.testng.reporters.JUnitReportReporter -->
<testsuite hostname="DESKTOP-0P4OACU" failures="0" tests="2" name="spotifyapis.NegativeScenarios" time="2.287" errors="0" timestamp="2023-10-06T20:26:53 IST" skipped="0">
  <testcase classname="spotifyapis.NegativeScenarios" name="shouldNotBeAbleToCreatePlaylist" time="2.027"/>
  <system-out/>
  <testcase classname="spotifyapis.NegativeScenarios" name="shouldNotBeAbleToAuthorize" time="0.260"/>
  <system-out/>
</testsuite> <!-- spotifyapis.NegativeScenarios -->
