<?xml version="1.0" encoding="UTF-8"?>
<!-- Generated by org.testng.reporters.JUnitReportReporter -->
<testsuite hostname="DESKTOP-0P4OACU" failures="0" tests="1" name="dataextraction.DataExtractFromResponse" time="3.508" errors="0" timestamp="2023-09-17T08:34:08 IST" skipped="0">
  <testcase classname="dataextraction.DataExtractFromResponse" name="getDataFromResponse" time="3.508"/>
  <system-out/>
</testsuite> <!-- dataextraction.DataExtractFromResponse -->
