<?xml version="1.0" encoding="UTF-8"?>
<!-- Generated by org.testng.reporters.JUnitReportReporter -->
<testsuite hostname="DESKTOP-0P4OACU" failures="0" tests="1" name="spotifyapis.CreatePlaylist" time="3.485" errors="0" timestamp="2023-10-05T21:55:34 IST" skipped="0">
  <testcase classname="spotifyapis.CreatePlaylist" name="createPlaylistOfUser" time="3.485"/>
  <system-out/>
</testsuite> <!-- spotifyapis.CreatePlaylist -->
