<?xml version="1.0" encoding="UTF-8"?>
<!-- Generated by org.testng.reporters.JUnitReportReporter -->
<testsuite hostname="DESKTOP-0P4OACU" failures="0" tests="1" name="dataextraction.ExtractDataFromComplexJson" time="4.154" errors="0" timestamp="2023-09-17T08:47:53 IST" skipped="0">
  <testcase classname="dataextraction.ExtractDataFromComplexJson" name="getDataFromResponse" time="4.154"/>
  <system-out/>
</testsuite> <!-- dataextraction.ExtractDataFromComplexJson -->
